<?xml version="1.0" encoding="UTF-8"?>
<testsuite xmlns:xsi="http://www.w3.org/2001/XMLSchema-instance" xsi:noNamespaceSchemaLocation="https://maven.apache.org/surefire/maven-surefire-plugin/xsd/surefire-test-report-3.0.xsd" version="3.0" name="com.BookRepositoryTest" time="4.946" tests="1" errors="0" skipped="0" failures="0">
  <properties>
[...]
</properties>
  <testcase name="testFindAllBooksWithAuthor" classname="com.BookRepositoryTest" time="0.217">
    <system-out><![CDATA[21:14:36.562 [main] INFO org.springframework.test.context.support.AnnotationConfigContextLoaderUtils -- Could not detect default configuration classes for test class [com.BookRepositoryTest]: BookRepositoryTest does not declare any static, non-private, non-final, nested classes annotated with @Configuration.
21:14:36.761 [main] INFO org.springframework.boot.test.context.SpringBootTestContextBootstrapper -- Found @SpringBootConfiguration com.DemoApplication for test class com.BookRepositoryTest

  .   ____          _            __ _ _
 /\\ / ___'_ __ _ _(_)_ __  __ _ \ \ \ \
( ( )\___ | '_ | '_| | '_ \/ _` | \ \ \ \
 \\/  ___)| |_)| | | | | || (_| |  ) ) ) )
  '  |____| .__|_| |_|_| |_\__, | / / / /
 =========|_|==============|___/=/_/_/_/

 :: Spring Boot ::                (v3.3.1)

2026-05-01T21:14:37.254+05:30  INFO 21344 --- [demo] [           main] com.BookRepositoryTest                   : Starting BookRepositoryTest using Java 21.0.7 with PID 21344 (started by kisha in C:\Users\kisha\Downloads\BDA-SGA-2-main\BDA-SGA-2-main)
2026-05-01T21:14:37.255+05:30  INFO 21344 --- [demo] [           main] com.BookRepositoryTest                   : No active profile set, falling back to 1 default profile: "default"
2026-05-01T21:14:37.981+05:30  INFO 21344 --- [demo] [           main] .s.d.r.c.RepositoryConfigurationDelegate : Bootstrapping Spring Data JPA repositories in DEFAULT mode.
2026-05-01T21:14:38.126+05:30  INFO 21344 --- [demo] [           main] .s.d.r.c.RepositoryConfigurationDelegate : Finished Spring Data repository scanning in 136 ms. Found 2 JPA repository interfaces.
2026-05-01T21:14:38.196+05:30  INFO 21344 --- [demo] [           main] beddedDataSourceBeanFactoryPostProcessor : Replacing 'dataSource' DataSource bean with embedded version
2026-05-01T21:14:38.362+05:30  INFO 21344 --- [demo] [           main] o.s.j.d.e.EmbeddedDatabaseFactory        : Starting embedded database: url='jdbc:h2:mem:b43b3368-f456-47d7-be05-0cba10d1b3bb;DB_CLOSE_DELAY=-1;DB_CLOSE_ON_EXIT=false', username='sa'
2026-05-01T21:14:38.744+05:30  INFO 21344 --- [demo] [           main] o.hibernate.jpa.internal.util.LogHelper  : HHH000204: Processing PersistenceUnitInfo [name: default]
2026-05-01T21:14:38.835+05:30  INFO 21344 --- [demo] [           main] org.hibernate.Version                    : HHH000412: Hibernate ORM core version 6.5.2.Final
2026-05-01T21:14:38.874+05:30  INFO 21344 --- [demo] [           main] o.h.c.internal.RegionFactoryInitiator    : HHH000026: Second-level cache disabled
2026-05-01T21:14:39.047+05:30  INFO 21344 --- [demo] [           main] o.s.o.j.p.SpringPersistenceUnitInfo      : No LoadTimeWeaver setup: ignoring JPA class transformer
2026-05-01T21:14:39.109+05:30  WARN 21344 --- [demo] [           main] org.hibernate.orm.deprecation            : HHH90000025: H2Dialect does not need to be specified explicitly using 'hibernate.dialect' (remove the property setting and it will be selected by default)
2026-05-01T21:14:40.019+05:30  INFO 21344 --- [demo] [           main] o.h.e.t.j.p.i.JtaPlatformInitiator       : HHH000489: No JTA platform available (set 'hibernate.transaction.jta.platform' to enable JTA platform integration)
Hibernate: create table authors (author_id bigint generated by default as identity, country varchar(255), email varchar(255) not null, name varchar(255) not null, primary key (author_id))
Hibernate: create table books (book_id bigint generated by default as identity, genre varchar(255), price float(53) check (price>=0), published_date date not null, title varchar(255) not null, author_id bigint not null, primary key (book_id))
Hibernate: alter table if exists authors drop constraint if exists UKjmhavkj33euq43uhnucw7l5he
Hibernate: alter table if exists authors add constraint UKjmhavkj33euq43uhnucw7l5he unique (email)
Hibernate: alter table if exists books add constraint FKfjixh2vym2cvfj3ufxj91jem7 foreign key (author_id) references authors
2026-05-01T21:14:40.084+05:30  INFO 21344 --- [demo] [           main] j.LocalContainerEntityManagerFactoryBean : Initialized JPA EntityManagerFactory for persistence unit 'default'
2026-05-01T21:14:40.418+05:30  INFO 21344 --- [demo] [           main] o.s.d.j.r.query.QueryEnhancerFactory     : Hibernate is in classpath; If applicable, HQL parser will be used.
2026-05-01T21:14:41.032+05:30  INFO 21344 --- [demo] [           main] com.BookRepositoryTest                   : Started BookRepositoryTest in 4.178 seconds (process running for 6.932)
Hibernate: insert into authors (country,email,name,author_id) values (?,?,?,default)
Hibernate: insert into books (author_id,genre,price,published_date,title,book_id) values (?,?,?,?,?,default)
Hibernate: select b1_0.book_id,b1_0.author_id,a1_0.author_id,a1_0.country,a1_0.email,a1_0.name,b1_0.genre,b1_0.price,b1_0.published_date,b1_0.title from books b1_0 join authors a1_0 on a1_0.author_id=b1_0.author_id
]]></system-out>
  </testcase>
</testsuite>